[debug] [2023-10-16T19:52:15.238Z] ----------------------------------------------------------------------
[debug] [2023-10-16T19:52:15.243Z] Command:       C:\Program Files\nodejs\node.exe C:\Users\LOV\AppData\Roaming\npm\node_modules\firebase-tools\lib\bin\firebase.js init
[debug] [2023-10-16T19:52:15.244Z] CLI Version:   12.7.0
[debug] [2023-10-16T19:52:15.245Z] Platform:      win32
[debug] [2023-10-16T19:52:15.245Z] Node Version:  v18.16.0
[debug] [2023-10-16T19:52:15.247Z] Time:          Tue Oct 17 2023 00:52:15 GMT+0500 (Pakistan Standard Time)
[debug] [2023-10-16T19:52:15.247Z] ----------------------------------------------------------------------
[debug] 
[debug] [2023-10-16T19:52:15.264Z] > command requires scopes: ["email","openid","https://www.googleapis.com/auth/cloudplatformprojects.readonly","https://www.googleapis.com/auth/firebase","https://www.googleapis.com/auth/cloud-platform"]
[debug] [2023-10-16T19:52:15.265Z] > authorizing via signed-in user (maryamjaved.xo@gmail.com)
[info] 
     ######## #### ########  ######## ########     ###     ######  ########
     ##        ##  ##     ## ##       ##     ##  ##   ##  ##       ##
     ######    ##  ########  ######   ########  #########  ######  ######
     ##        ##  ##    ##  ##       ##     ## ##     ##       ## ##
     ##       #### ##     ## ######## ########  ##     ##  ######  ########

You're about to initialize a Firebase project in this directory:

  C:\Users\LOV\Desktop\api-dinnermite

[info] 
=== Project Setup
[info] 
[info] First, let's associate this project directory with a Firebase project.
[info] You can create multiple project aliases by running firebase use --add, 
[info] but for now we'll just set up a default project.
[info] 
